::1 - - [23/Sep/2017:10:35:53 +0000] "POST /user/doregister HTTP/1.1" 500 137 "http://localhost:3000/user/register" "Mozilla/5.0 (iPhone; CPU iPhone OS 9_1 like Mac OS X) AppleWebKit/601.1.46 (KHTML, like Gecko) Version/9.0 Mobile/13B143 Safari/601.1"
::1 - - [23/Sep/2017:10:40:00 +0000] "POST /user/doregister HTTP/1.1" 500 137 "http://localhost:3000/user/register" "Mozilla/5.0 (iPhone; CPU iPhone OS 9_1 like Mac OS X) AppleWebKit/601.1.46 (KHTML, like Gecko) Version/9.0 Mobile/13B143 Safari/601.1"
::1 - - [23/Sep/2017:10:44:45 +0000] "POST /user/doregister HTTP/1.1" 500 137 "http://localhost:3000/user/register" "Mozilla/5.0 (iPhone; CPU iPhone OS 9_1 like Mac OS X) AppleWebKit/601.1.46 (KHTML, like Gecko) Version/9.0 Mobile/13B143 Safari/601.1"
::1 - - [23/Sep/2017:10:51:47 +0000] "POST /user/doregister HTTP/1.1" 302 34 "http://localhost:3000/user/register" "Mozilla/5.0 (iPhone; CPU iPhone OS 9_1 like Mac OS X) AppleWebKit/601.1.46 (KHTML, like Gecko) Version/9.0 Mobile/13B143 Safari/601.1"
::1 - - [23/Sep/2017:10:51:47 +0000] "GET /user/center HTTP/1.1" 200 3923 "http://localhost:3000/user/register" "Mozilla/5.0 (iPhone; CPU iPhone OS 9_1 like Mac OS X) AppleWebKit/601.1.46 (KHTML, like Gecko) Version/9.0 Mobile/13B143 Safari/601.1"
::1 - - [23/Sep/2017:10:52:14 +0000] "POST /user/doregister HTTP/1.1" 302 33 "http://localhost:3000/user/register" "Mozilla/5.0 (iPhone; CPU iPhone OS 9_1 like Mac OS X) AppleWebKit/601.1.46 (KHTML, like Gecko) Version/9.0 Mobile/13B143 Safari/601.1"
::1 - - [23/Sep/2017:10:52:14 +0000] "GET /user/login HTTP/1.1" 200 2203 "http://localhost:3000/user/register" "Mozilla/5.0 (iPhone; CPU iPhone OS 9_1 like Mac OS X) AppleWebKit/601.1.46 (KHTML, like Gecko) Version/9.0 Mobile/13B143 Safari/601.1"
::1 - - [23/Sep/2017:10:53:51 +0000] "GET /user/register HTTP/1.1" 200 4985 "-" "Mozilla/5.0 (iPhone; CPU iPhone OS 9_1 like Mac OS X) AppleWebKit/601.1.46 (KHTML, like Gecko) Version/9.0 Mobile/13B143 Safari/601.1"
::1 - - [23/Sep/2017:10:53:51 +0000] "GET /captcha HTTP/1.1" 200 2878 "http://localhost:3000/user/register" "Mozilla/5.0 (iPhone; CPU iPhone OS 9_1 like Mac OS X) AppleWebKit/601.1.46 (KHTML, like Gecko) Version/9.0 Mobile/13B143 Safari/601.1"
::1 - - [23/Sep/2017:10:53:52 +0000] "GET /favicon.ico HTTP/1.1" 404 137 "http://localhost:3000/user/register" "Mozilla/5.0 (iPhone; CPU iPhone OS 9_1 like Mac OS X) AppleWebKit/601.1.46 (KHTML, like Gecko) Version/9.0 Mobile/13B143 Safari/601.1"
::1 - - [23/Sep/2017:10:55:04 +0000] "GET /user/register HTTP/1.1" 200 5006 "-" "Mozilla/5.0 (iPhone; CPU iPhone OS 9_1 like Mac OS X) AppleWebKit/601.1.46 (KHTML, like Gecko) Version/9.0 Mobile/13B143 Safari/601.1"
::1 - - [23/Sep/2017:10:55:04 +0000] "GET /captcha HTTP/1.1" 200 2878 "http://localhost:3000/user/register" "Mozilla/5.0 (iPhone; CPU iPhone OS 9_1 like Mac OS X) AppleWebKit/601.1.46 (KHTML, like Gecko) Version/9.0 Mobile/13B143 Safari/601.1"
::1 - - [23/Sep/2017:10:55:06 +0000] "GET /user/doregister?username=123213&email=123&mobile=&mcapcode=&password=&conpassword=&capcode= HTTP/1.1" 404 137 "http://localhost:3000/user/register" "Mozilla/5.0 (iPhone; CPU iPhone OS 9_1 like Mac OS X) AppleWebKit/601.1.46 (KHTML, like Gecko) Version/9.0 Mobile/13B143 Safari/601.1"
::1 - - [25/Sep/2017:10:15:23 +0000] "GET / HTTP/1.1" 304 - "-" "Mozilla/5.0 (Windows NT 10.0; WOW64) AppleWebKit/537.36 (KHTML, like Gecko) Chrome/61.0.3163.79 Safari/537.36"
::1 - - [25/Sep/2017:10:15:25 +0000] "GET /favicon.ico HTTP/1.1" 404 137 "http://localhost:3000/" "Mozilla/5.0 (Windows NT 10.0; WOW64) AppleWebKit/537.36 (KHTML, like Gecko) Chrome/61.0.3163.79 Safari/537.36"
::1 - - [25/Sep/2017:10:16:34 +0000] "GET /users/center HTTP/1.1" 404 137 "http://localhost:3000/" "Mozilla/5.0 (iPhone; CPU iPhone OS 9_1 like Mac OS X) AppleWebKit/601.1.46 (KHTML, like Gecko) Version/9.0 Mobile/13B143 Safari/601.1"
::1 - - [25/Sep/2017:10:17:02 +0000] "GET / HTTP/1.1" 200 8842 "-" "Mozilla/5.0 (iPhone; CPU iPhone OS 9_1 like Mac OS X) AppleWebKit/601.1.46 (KHTML, like Gecko) Version/9.0 Mobile/13B143 Safari/601.1"
::1 - - [25/Sep/2017:10:17:04 +0000] "GET /user/center HTTP/1.1" 200 3922 "http://localhost:3000/" "Mozilla/5.0 (iPhone; CPU iPhone OS 9_1 like Mac OS X) AppleWebKit/601.1.46 (KHTML, like Gecko) Version/9.0 Mobile/13B143 Safari/601.1"
::1 - - [25/Sep/2017:10:17:09 +0000] "GET /user/login/ HTTP/1.1" 200 2203 "-" "Mozilla/5.0 (iPhone; CPU iPhone OS 9_1 like Mac OS X) AppleWebKit/601.1.46 (KHTML, like Gecko) Version/9.0 Mobile/13B143 Safari/601.1"
::1 - - [25/Sep/2017:10:17:11 +0000] "GET /users/register HTTP/1.1" 404 137 "http://localhost:3000/user/login/" "Mozilla/5.0 (iPhone; CPU iPhone OS 9_1 like Mac OS X) AppleWebKit/601.1.46 (KHTML, like Gecko) Version/9.0 Mobile/13B143 Safari/601.1"
::1 - - [25/Sep/2017:10:17:52 +0000] "GET /user/login/ HTTP/1.1" 404 137 "-" "Mozilla/5.0 (iPhone; CPU iPhone OS 9_1 like Mac OS X) AppleWebKit/601.1.46 (KHTML, like Gecko) Version/9.0 Mobile/13B143 Safari/601.1"
::1 - - [25/Sep/2017:10:17:56 +0000] "GET /users/login/ HTTP/1.1" 200 2203 "-" "Mozilla/5.0 (iPhone; CPU iPhone OS 9_1 like Mac OS X) AppleWebKit/601.1.46 (KHTML, like Gecko) Version/9.0 Mobile/13B143 Safari/601.1"
::1 - - [25/Sep/2017:10:17:57 +0000] "GET /users/register HTTP/1.1" 200 5020 "http://localhost:3000/users/login/" "Mozilla/5.0 (iPhone; CPU iPhone OS 9_1 like Mac OS X) AppleWebKit/601.1.46 (KHTML, like Gecko) Version/9.0 Mobile/13B143 Safari/601.1"
::1 - - [25/Sep/2017:10:17:58 +0000] "GET /captcha HTTP/1.1" 200 2878 "http://localhost:3000/users/register" "Mozilla/5.0 (iPhone; CPU iPhone OS 9_1 like Mac OS X) AppleWebKit/601.1.46 (KHTML, like Gecko) Version/9.0 Mobile/13B143 Safari/601.1"
::1 - - [25/Sep/2017:10:18:14 +0000] "POST /user/doregister HTTP/1.1" 404 137 "http://localhost:3000/users/register" "Mozilla/5.0 (iPhone; CPU iPhone OS 9_1 like Mac OS X) AppleWebKit/601.1.46 (KHTML, like Gecko) Version/9.0 Mobile/13B143 Safari/601.1"
::1 - - [25/Sep/2017:10:18:37 +0000] "POST /user/doregister HTTP/1.1" 404 137 "http://localhost:3000/users/register" "Mozilla/5.0 (iPhone; CPU iPhone OS 9_1 like Mac OS X) AppleWebKit/601.1.46 (KHTML, like Gecko) Version/9.0 Mobile/13B143 Safari/601.1"
::1 - - [25/Sep/2017:10:18:42 +0000] "GET /users/doregister HTTP/1.1" 404 137 "-" "Mozilla/5.0 (iPhone; CPU iPhone OS 9_1 like Mac OS X) AppleWebKit/601.1.46 (KHTML, like Gecko) Version/9.0 Mobile/13B143 Safari/601.1"
::1 - - [25/Sep/2017:10:18:46 +0000] "GET /users/register HTTP/1.1" 200 5022 "http://localhost:3000/users/login/" "Mozilla/5.0 (iPhone; CPU iPhone OS 9_1 like Mac OS X) AppleWebKit/601.1.46 (KHTML, like Gecko) Version/9.0 Mobile/13B143 Safari/601.1"
::1 - - [25/Sep/2017:10:18:46 +0000] "GET /captcha HTTP/1.1" 200 2878 "http://localhost:3000/users/register" "Mozilla/5.0 (iPhone; CPU iPhone OS 9_1 like Mac OS X) AppleWebKit/601.1.46 (KHTML, like Gecko) Version/9.0 Mobile/13B143 Safari/601.1"
::1 - - [25/Sep/2017:10:19:04 +0000] "POST /users/doregister HTTP/1.1" 302 68 "http://localhost:3000/users/register" "Mozilla/5.0 (iPhone; CPU iPhone OS 9_1 like Mac OS X) AppleWebKit/601.1.46 (KHTML, like Gecko) Version/9.0 Mobile/13B143 Safari/601.1"
::1 - - [25/Sep/2017:10:19:04 +0000] "GET /user/center HTTP/1.1" 404 137 "http://localhost:3000/users/register" "Mozilla/5.0 (iPhone; CPU iPhone OS 9_1 like Mac OS X) AppleWebKit/601.1.46 (KHTML, like Gecko) Version/9.0 Mobile/13B143 Safari/601.1"
::1 - - [25/Sep/2017:10:19:30 +0000] "GET /users/register HTTP/1.1" 200 5022 "http://localhost:3000/users/login/" "Mozilla/5.0 (iPhone; CPU iPhone OS 9_1 like Mac OS X) AppleWebKit/601.1.46 (KHTML, like Gecko) Version/9.0 Mobile/13B143 Safari/601.1"
::1 - - [25/Sep/2017:10:19:30 +0000] "GET /captcha HTTP/1.1" 200 2878 "http://localhost:3000/users/register" "Mozilla/5.0 (iPhone; CPU iPhone OS 9_1 like Mac OS X) AppleWebKit/601.1.46 (KHTML, like Gecko) Version/9.0 Mobile/13B143 Safari/601.1"
::1 - - [25/Sep/2017:10:19:31 +0000] "GET /users/register HTTP/1.1" 200 5022 "http://localhost:3000/users/login/" "Mozilla/5.0 (iPhone; CPU iPhone OS 9_1 like Mac OS X) AppleWebKit/601.1.46 (KHTML, like Gecko) Version/9.0 Mobile/13B143 Safari/601.1"
::1 - - [25/Sep/2017:10:19:31 +0000] "GET /captcha HTTP/1.1" 200 2878 "http://localhost:3000/users/register" "Mozilla/5.0 (iPhone; CPU iPhone OS 9_1 like Mac OS X) AppleWebKit/601.1.46 (KHTML, like Gecko) Version/9.0 Mobile/13B143 Safari/601.1"
::1 - - [25/Sep/2017:10:19:31 +0000] "GET /users/register HTTP/1.1" 200 5022 "http://localhost:3000/users/login/" "Mozilla/5.0 (iPhone; CPU iPhone OS 9_1 like Mac OS X) AppleWebKit/601.1.46 (KHTML, like Gecko) Version/9.0 Mobile/13B143 Safari/601.1"
::1 - - [25/Sep/2017:10:19:31 +0000] "GET /captcha HTTP/1.1" 200 2878 "http://localhost:3000/users/register" "Mozilla/5.0 (iPhone; CPU iPhone OS 9_1 like Mac OS X) AppleWebKit/601.1.46 (KHTML, like Gecko) Version/9.0 Mobile/13B143 Safari/601.1"
::1 - - [25/Sep/2017:10:19:32 +0000] "GET /users/register HTTP/1.1" 200 5022 "http://localhost:3000/users/login/" "Mozilla/5.0 (iPhone; CPU iPhone OS 9_1 like Mac OS X) AppleWebKit/601.1.46 (KHTML, like Gecko) Version/9.0 Mobile/13B143 Safari/601.1"
::1 - - [25/Sep/2017:10:19:32 +0000] "GET /captcha HTTP/1.1" 200 2878 "http://localhost:3000/users/register" "Mozilla/5.0 (iPhone; CPU iPhone OS 9_1 like Mac OS X) AppleWebKit/601.1.46 (KHTML, like Gecko) Version/9.0 Mobile/13B143 Safari/601.1"
::1 - - [25/Sep/2017:10:19:35 +0000] "GET /favicon.ico HTTP/1.1" 404 137 "http://localhost:3000/users/register" "Mozilla/5.0 (iPhone; CPU iPhone OS 9_1 like Mac OS X) AppleWebKit/601.1.46 (KHTML, like Gecko) Version/9.0 Mobile/13B143 Safari/601.1"
::1 - - [25/Sep/2017:10:19:37 +0000] "GET /users/register HTTP/1.1" 200 5022 "http://localhost:3000/users/login/" "Mozilla/5.0 (iPhone; CPU iPhone OS 9_1 like Mac OS X) AppleWebKit/601.1.46 (KHTML, like Gecko) Version/9.0 Mobile/13B143 Safari/601.1"
::1 - - [25/Sep/2017:10:19:37 +0000] "GET /captcha HTTP/1.1" 200 2878 "http://localhost:3000/users/register" "Mozilla/5.0 (iPhone; CPU iPhone OS 9_1 like Mac OS X) AppleWebKit/601.1.46 (KHTML, like Gecko) Version/9.0 Mobile/13B143 Safari/601.1"
::1 - - [25/Sep/2017:10:19:37 +0000] "GET /users/register HTTP/1.1" 200 5022 "http://localhost:3000/users/login/" "Mozilla/5.0 (iPhone; CPU iPhone OS 9_1 like Mac OS X) AppleWebKit/601.1.46 (KHTML, like Gecko) Version/9.0 Mobile/13B143 Safari/601.1"
::1 - - [25/Sep/2017:10:19:37 +0000] "GET /captcha HTTP/1.1" 200 2878 "http://localhost:3000/users/register" "Mozilla/5.0 (iPhone; CPU iPhone OS 9_1 like Mac OS X) AppleWebKit/601.1.46 (KHTML, like Gecko) Version/9.0 Mobile/13B143 Safari/601.1"
::1 - - [25/Sep/2017:10:19:50 +0000] "POST /users/doregister HTTP/1.1" 302 68 "http://localhost:3000/users/register" "Mozilla/5.0 (iPhone; CPU iPhone OS 9_1 like Mac OS X) AppleWebKit/601.1.46 (KHTML, like Gecko) Version/9.0 Mobile/13B143 Safari/601.1"
::1 - - [25/Sep/2017:10:19:50 +0000] "GET /user/center HTTP/1.1" 404 137 "http://localhost:3000/users/register" "Mozilla/5.0 (iPhone; CPU iPhone OS 9_1 like Mac OS X) AppleWebKit/601.1.46 (KHTML, like Gecko) Version/9.0 Mobile/13B143 Safari/601.1"
::1 - - [25/Sep/2017:10:20:40 +0000] "GET /users/register HTTP/1.1" 200 5011 "http://localhost:3000/users/login/" "Mozilla/5.0 (iPhone; CPU iPhone OS 9_1 like Mac OS X) AppleWebKit/601.1.46 (KHTML, like Gecko) Version/9.0 Mobile/13B143 Safari/601.1"
::1 - - [25/Sep/2017:10:20:40 +0000] "GET /captcha HTTP/1.1" 200 2878 "http://localhost:3000/users/register" "Mozilla/5.0 (iPhone; CPU iPhone OS 9_1 like Mac OS X) AppleWebKit/601.1.46 (KHTML, like Gecko) Version/9.0 Mobile/13B143 Safari/601.1"
::1 - - [25/Sep/2017:10:20:41 +0000] "POST /users/doregister HTTP/1.1" 302 66 "http://localhost:3000/users/register" "Mozilla/5.0 (iPhone; CPU iPhone OS 9_1 like Mac OS X) AppleWebKit/601.1.46 (KHTML, like Gecko) Version/9.0 Mobile/13B143 Safari/601.1"
::1 - - [25/Sep/2017:10:20:41 +0000] "GET /user/login HTTP/1.1" 404 137 "http://localhost:3000/users/register" "Mozilla/5.0 (iPhone; CPU iPhone OS 9_1 like Mac OS X) AppleWebKit/601.1.46 (KHTML, like Gecko) Version/9.0 Mobile/13B143 Safari/601.1"
::1 - - [25/Sep/2017:10:21:07 +0000] "GET /users/register HTTP/1.1" 304 - "http://localhost:3000/users/login/" "Mozilla/5.0 (iPhone; CPU iPhone OS 9_1 like Mac OS X) AppleWebKit/601.1.46 (KHTML, like Gecko) Version/9.0 Mobile/13B143 Safari/601.1"
::1 - - [25/Sep/2017:10:21:07 +0000] "GET /captcha HTTP/1.1" 200 2878 "http://localhost:3000/users/register" "Mozilla/5.0 (iPhone; CPU iPhone OS 9_1 like Mac OS X) AppleWebKit/601.1.46 (KHTML, like Gecko) Version/9.0 Mobile/13B143 Safari/601.1"
::1 - - [25/Sep/2017:10:21:09 +0000] "GET /users/register HTTP/1.1" 304 - "http://localhost:3000/users/login/" "Mozilla/5.0 (iPhone; CPU iPhone OS 9_1 like Mac OS X) AppleWebKit/601.1.46 (KHTML, like Gecko) Version/9.0 Mobile/13B143 Safari/601.1"
::1 - - [25/Sep/2017:10:21:09 +0000] "GET /captcha HTTP/1.1" 200 2878 "http://localhost:3000/users/register" "Mozilla/5.0 (iPhone; CPU iPhone OS 9_1 like Mac OS X) AppleWebKit/601.1.46 (KHTML, like Gecko) Version/9.0 Mobile/13B143 Safari/601.1"
::1 - - [25/Sep/2017:10:21:09 +0000] "GET /users/register HTTP/1.1" 304 - "http://localhost:3000/users/login/" "Mozilla/5.0 (iPhone; CPU iPhone OS 9_1 like Mac OS X) AppleWebKit/601.1.46 (KHTML, like Gecko) Version/9.0 Mobile/13B143 Safari/601.1"
::1 - - [25/Sep/2017:10:21:09 +0000] "GET /captcha HTTP/1.1" 200 2878 "http://localhost:3000/users/register" "Mozilla/5.0 (iPhone; CPU iPhone OS 9_1 like Mac OS X) AppleWebKit/601.1.46 (KHTML, like Gecko) Version/9.0 Mobile/13B143 Safari/601.1"
::1 - - [25/Sep/2017:10:21:23 +0000] "POST /users/doregister HTTP/1.1" 302 66 "http://localhost:3000/users/register" "Mozilla/5.0 (iPhone; CPU iPhone OS 9_1 like Mac OS X) AppleWebKit/601.1.46 (KHTML, like Gecko) Version/9.0 Mobile/13B143 Safari/601.1"
::1 - - [25/Sep/2017:10:21:23 +0000] "GET /user/login HTTP/1.1" 404 137 "http://localhost:3000/users/register" "Mozilla/5.0 (iPhone; CPU iPhone OS 9_1 like Mac OS X) AppleWebKit/601.1.46 (KHTML, like Gecko) Version/9.0 Mobile/13B143 Safari/601.1"
::1 - - [25/Sep/2017:10:22:06 +0000] "POST /users/doregister HTTP/1.1" 302 68 "http://localhost:3000/users/register" "Mozilla/5.0 (iPhone; CPU iPhone OS 9_1 like Mac OS X) AppleWebKit/601.1.46 (KHTML, like Gecko) Version/9.0 Mobile/13B143 Safari/601.1"
::1 - - [25/Sep/2017:10:22:06 +0000] "GET /users/login HTTP/1.1" 200 2203 "http://localhost:3000/users/register" "Mozilla/5.0 (iPhone; CPU iPhone OS 9_1 like Mac OS X) AppleWebKit/601.1.46 (KHTML, like Gecko) Version/9.0 Mobile/13B143 Safari/601.1"
::1 - - [25/Sep/2017:10:22:59 +0000] "GET /users/register HTTP/1.1" 304 - "http://localhost:3000/users/login" "Mozilla/5.0 (iPhone; CPU iPhone OS 9_1 like Mac OS X) AppleWebKit/601.1.46 (KHTML, like Gecko) Version/9.0 Mobile/13B143 Safari/601.1"
::1 - - [25/Sep/2017:10:22:59 +0000] "GET /captcha HTTP/1.1" 200 2878 "http://localhost:3000/users/register" "Mozilla/5.0 (iPhone; CPU iPhone OS 9_1 like Mac OS X) AppleWebKit/601.1.46 (KHTML, like Gecko) Version/9.0 Mobile/13B143 Safari/601.1"
::1 - - [25/Sep/2017:10:23:15 +0000] "POST /users/doregister HTTP/1.1" 302 70 "http://localhost:3000/users/register" "Mozilla/5.0 (iPhone; CPU iPhone OS 9_1 like Mac OS X) AppleWebKit/601.1.46 (KHTML, like Gecko) Version/9.0 Mobile/13B143 Safari/601.1"
::1 - - [25/Sep/2017:10:23:15 +0000] "GET /users/center HTTP/1.1" 200 3923 "http://localhost:3000/users/register" "Mozilla/5.0 (iPhone; CPU iPhone OS 9_1 like Mac OS X) AppleWebKit/601.1.46 (KHTML, like Gecko) Version/9.0 Mobile/13B143 Safari/601.1"
::1 - - [25/Sep/2017:10:40:55 +0000] "GET /users/login HTTP/1.1" 304 - "-" "Mozilla/5.0 (iPhone; CPU iPhone OS 9_1 like Mac OS X) AppleWebKit/601.1.46 (KHTML, like Gecko) Version/9.0 Mobile/13B143 Safari/601.1"
::1 - - [25/Sep/2017:10:41:34 +0000] "GET /users/login HTTP/1.1" 200 2184 "-" "Mozilla/5.0 (iPhone; CPU iPhone OS 9_1 like Mac OS X) AppleWebKit/601.1.46 (KHTML, like Gecko) Version/9.0 Mobile/13B143 Safari/601.1"
::1 - - [25/Sep/2017:10:41:51 +0000] "GET /users/login HTTP/1.1" 200 2124 "-" "Mozilla/5.0 (iPhone; CPU iPhone OS 9_1 like Mac OS X) AppleWebKit/601.1.46 (KHTML, like Gecko) Version/9.0 Mobile/13B143 Safari/601.1"
::1 - - [25/Sep/2017:10:42:48 +0000] "GET /users/login HTTP/1.1" 200 2212 "-" "Mozilla/5.0 (iPhone; CPU iPhone OS 9_1 like Mac OS X) AppleWebKit/601.1.46 (KHTML, like Gecko) Version/9.0 Mobile/13B143 Safari/601.1"
::1 - - [25/Sep/2017:10:42:49 +0000] "GET /users/login HTTP/1.1" 304 - "-" "Mozilla/5.0 (iPhone; CPU iPhone OS 9_1 like Mac OS X) AppleWebKit/601.1.46 (KHTML, like Gecko) Version/9.0 Mobile/13B143 Safari/601.1"
::1 - - [25/Sep/2017:10:42:49 +0000] "GET /users/login HTTP/1.1" 304 - "-" "Mozilla/5.0 (iPhone; CPU iPhone OS 9_1 like Mac OS X) AppleWebKit/601.1.46 (KHTML, like Gecko) Version/9.0 Mobile/13B143 Safari/601.1"
::1 - - [25/Sep/2017:10:42:54 +0000] "POST /users/dologin HTTP/1.1" 302 68 "http://localhost:3000/users/login" "Mozilla/5.0 (iPhone; CPU iPhone OS 9_1 like Mac OS X) AppleWebKit/601.1.46 (KHTML, like Gecko) Version/9.0 Mobile/13B143 Safari/601.1"
::1 - - [25/Sep/2017:10:42:54 +0000] "GET /users/login HTTP/1.1" 304 - "http://localhost:3000/users/login" "Mozilla/5.0 (iPhone; CPU iPhone OS 9_1 like Mac OS X) AppleWebKit/601.1.46 (KHTML, like Gecko) Version/9.0 Mobile/13B143 Safari/601.1"
::1 - - [25/Sep/2017:10:43:04 +0000] "POST /users/dologin HTTP/1.1" 302 68 "http://localhost:3000/users/login" "Mozilla/5.0 (iPhone; CPU iPhone OS 9_1 like Mac OS X) AppleWebKit/601.1.46 (KHTML, like Gecko) Version/9.0 Mobile/13B143 Safari/601.1"
::1 - - [25/Sep/2017:10:43:04 +0000] "GET /users/login HTTP/1.1" 304 - "http://localhost:3000/users/login" "Mozilla/5.0 (iPhone; CPU iPhone OS 9_1 like Mac OS X) AppleWebKit/601.1.46 (KHTML, like Gecko) Version/9.0 Mobile/13B143 Safari/601.1"
::1 - - [25/Sep/2017:10:45:09 +0000] "GET /users/login HTTP/1.1" 200 2268 "http://localhost:3000/users/login" "Mozilla/5.0 (iPhone; CPU iPhone OS 9_1 like Mac OS X) AppleWebKit/601.1.46 (KHTML, like Gecko) Version/9.0 Mobile/13B143 Safari/601.1"
::1 - - [25/Sep/2017:10:45:15 +0000] "POST /users/dologin HTTP/1.1" 302 70 "http://localhost:3000/users/login" "Mozilla/5.0 (iPhone; CPU iPhone OS 9_1 like Mac OS X) AppleWebKit/601.1.46 (KHTML, like Gecko) Version/9.0 Mobile/13B143 Safari/601.1"
::1 - - [25/Sep/2017:10:45:15 +0000] "GET /users/center HTTP/1.1" 304 - "http://localhost:3000/users/login" "Mozilla/5.0 (iPhone; CPU iPhone OS 9_1 like Mac OS X) AppleWebKit/601.1.46 (KHTML, like Gecko) Version/9.0 Mobile/13B143 Safari/601.1"
::1 - - [25/Sep/2017:10:45:19 +0000] "GET /order/myorder HTTP/1.1" 200 4278 "http://localhost:3000/users/center" "Mozilla/5.0 (iPhone; CPU iPhone OS 9_1 like Mac OS X) AppleWebKit/601.1.46 (KHTML, like Gecko) Version/9.0 Mobile/13B143 Safari/601.1"
::1 - - [25/Sep/2017:10:45:21 +0000] "GET /users/center HTTP/1.1" 304 - "http://localhost:3000/order/myorder" "Mozilla/5.0 (iPhone; CPU iPhone OS 9_1 like Mac OS X) AppleWebKit/601.1.46 (KHTML, like Gecko) Version/9.0 Mobile/13B143 Safari/601.1"
::1 - - [25/Sep/2017:10:51:09 +0000] "GET /users/center HTTP/1.1" 302 68 "http://localhost:3000/order/myorder" "Mozilla/5.0 (iPhone; CPU iPhone OS 9_1 like Mac OS X) AppleWebKit/601.1.46 (KHTML, like Gecko) Version/9.0 Mobile/13B143 Safari/601.1"
::1 - - [25/Sep/2017:10:51:10 +0000] "GET /users/login HTTP/1.1" 304 - "http://localhost:3000/order/myorder" "Mozilla/5.0 (iPhone; CPU iPhone OS 9_1 like Mac OS X) AppleWebKit/601.1.46 (KHTML, like Gecko) Version/9.0 Mobile/13B143 Safari/601.1"
::1 - - [25/Sep/2017:10:51:16 +0000] "GET /users/center HTTP/1.1" 302 68 "http://localhost:3000/order/myorder" "Mozilla/5.0 (iPhone; CPU iPhone OS 9_1 like Mac OS X) AppleWebKit/601.1.46 (KHTML, like Gecko) Version/9.0 Mobile/13B143 Safari/601.1"
::1 - - [25/Sep/2017:10:51:16 +0000] "GET /users/login HTTP/1.1" 304 - "http://localhost:3000/order/myorder" "Mozilla/5.0 (iPhone; CPU iPhone OS 9_1 like Mac OS X) AppleWebKit/601.1.46 (KHTML, like Gecko) Version/9.0 Mobile/13B143 Safari/601.1"
::1 - - [25/Sep/2017:10:51:36 +0000] "POST /users/dologin HTTP/1.1" 302 70 "http://localhost:3000/users/login" "Mozilla/5.0 (iPhone; CPU iPhone OS 9_1 like Mac OS X) AppleWebKit/601.1.46 (KHTML, like Gecko) Version/9.0 Mobile/13B143 Safari/601.1"
::1 - - [25/Sep/2017:10:51:36 +0000] "GET /users/center HTTP/1.1" 200 3923 "http://localhost:3000/users/login" "Mozilla/5.0 (iPhone; CPU iPhone OS 9_1 like Mac OS X) AppleWebKit/601.1.46 (KHTML, like Gecko) Version/9.0 Mobile/13B143 Safari/601.1"
::1 - - [25/Sep/2017:10:51:37 +0000] "GET /users/center HTTP/1.1" 304 - "http://localhost:3000/users/center" "Mozilla/5.0 (iPhone; CPU iPhone OS 9_1 like Mac OS X) AppleWebKit/601.1.46 (KHTML, like Gecko) Version/9.0 Mobile/13B143 Safari/601.1"
::1 - - [25/Sep/2017:10:51:38 +0000] "GET /users/center HTTP/1.1" 304 - "http://localhost:3000/users/center" "Mozilla/5.0 (iPhone; CPU iPhone OS 9_1 like Mac OS X) AppleWebKit/601.1.46 (KHTML, like Gecko) Version/9.0 Mobile/13B143 Safari/601.1"
::1 - - [25/Sep/2017:10:51:39 +0000] "GET /users/center HTTP/1.1" 304 - "http://localhost:3000/users/center" "Mozilla/5.0 (iPhone; CPU iPhone OS 9_1 like Mac OS X) AppleWebKit/601.1.46 (KHTML, like Gecko) Version/9.0 Mobile/13B143 Safari/601.1"
::1 - - [25/Sep/2017:11:51:59 +0000] "GET / HTTP/1.1" 200 8843 "-" "Mozilla/5.0 (Windows NT 10.0; WOW64) AppleWebKit/537.36 (KHTML, like Gecko) Chrome/61.0.3163.79 Safari/537.36"
::1 - - [25/Sep/2017:11:52:02 +0000] "GET /users/center HTTP/1.1" 302 68 "http://localhost:3000/" "Mozilla/5.0 (Windows NT 10.0; WOW64) AppleWebKit/537.36 (KHTML, like Gecko) Chrome/61.0.3163.79 Safari/537.36"
::1 - - [25/Sep/2017:11:52:02 +0000] "GET /users/login HTTP/1.1" 304 - "http://localhost:3000/" "Mozilla/5.0 (Windows NT 10.0; WOW64) AppleWebKit/537.36 (KHTML, like Gecko) Chrome/61.0.3163.79 Safari/537.36"
::1 - - [25/Sep/2017:11:52:11 +0000] "GET /users/login HTTP/1.1" 304 - "http://localhost:3000/" "Mozilla/5.0 (iPhone; CPU iPhone OS 9_1 like Mac OS X) AppleWebKit/601.1.46 (KHTML, like Gecko) Version/9.0 Mobile/13B143 Safari/601.1"
::1 - - [25/Sep/2017:11:52:16 +0000] "GET /users/login HTTP/1.1" 304 - "http://localhost:3000/" "Mozilla/5.0 (iPhone; CPU iPhone OS 9_1 like Mac OS X) AppleWebKit/601.1.46 (KHTML, like Gecko) Version/9.0 Mobile/13B143 Safari/601.1"
::1 - - [25/Sep/2017:11:52:20 +0000] "POST /users/dologin HTTP/1.1" 302 68 "http://localhost:3000/users/login" "Mozilla/5.0 (iPhone; CPU iPhone OS 9_1 like Mac OS X) AppleWebKit/601.1.46 (KHTML, like Gecko) Version/9.0 Mobile/13B143 Safari/601.1"
::1 - - [25/Sep/2017:11:52:20 +0000] "GET /users/login HTTP/1.1" 304 - "http://localhost:3000/users/login" "Mozilla/5.0 (iPhone; CPU iPhone OS 9_1 like Mac OS X) AppleWebKit/601.1.46 (KHTML, like Gecko) Version/9.0 Mobile/13B143 Safari/601.1"
::1 - - [25/Sep/2017:11:52:21 +0000] "POST /users/dologin HTTP/1.1" 302 68 "http://localhost:3000/users/login" "Mozilla/5.0 (iPhone; CPU iPhone OS 9_1 like Mac OS X) AppleWebKit/601.1.46 (KHTML, like Gecko) Version/9.0 Mobile/13B143 Safari/601.1"
::1 - - [25/Sep/2017:11:52:21 +0000] "GET /users/login HTTP/1.1" 304 - "http://localhost:3000/users/login" "Mozilla/5.0 (iPhone; CPU iPhone OS 9_1 like Mac OS X) AppleWebKit/601.1.46 (KHTML, like Gecko) Version/9.0 Mobile/13B143 Safari/601.1"
::1 - - [25/Sep/2017:11:52:29 +0000] "GET /users/register HTTP/1.1" 304 - "http://localhost:3000/users/login" "Mozilla/5.0 (iPhone; CPU iPhone OS 9_1 like Mac OS X) AppleWebKit/601.1.46 (KHTML, like Gecko) Version/9.0 Mobile/13B143 Safari/601.1"
::1 - - [25/Sep/2017:11:52:29 +0000] "GET /captcha HTTP/1.1" 200 2878 "http://localhost:3000/users/register" "Mozilla/5.0 (iPhone; CPU iPhone OS 9_1 like Mac OS X) AppleWebKit/601.1.46 (KHTML, like Gecko) Version/9.0 Mobile/13B143 Safari/601.1"
::1 - - [25/Sep/2017:12:06:13 +0000] "POST /users/doregister HTTP/1.1" 302 68 "http://localhost:3000/users/register" "Mozilla/5.0 (iPhone; CPU iPhone OS 9_1 like Mac OS X) AppleWebKit/601.1.46 (KHTML, like Gecko) Version/9.0 Mobile/13B143 Safari/601.1"
::1 - - [25/Sep/2017:12:06:13 +0000] "GET /users/login HTTP/1.1" 304 - "http://localhost:3000/users/register" "Mozilla/5.0 (iPhone; CPU iPhone OS 9_1 like Mac OS X) AppleWebKit/601.1.46 (KHTML, like Gecko) Version/9.0 Mobile/13B143 Safari/601.1"
::1 - - [25/Sep/2017:12:06:14 +0000] "POST /users/dologin HTTP/1.1" 302 68 "http://localhost:3000/users/login" "Mozilla/5.0 (iPhone; CPU iPhone OS 9_1 like Mac OS X) AppleWebKit/601.1.46 (KHTML, like Gecko) Version/9.0 Mobile/13B143 Safari/601.1"
::1 - - [25/Sep/2017:12:06:14 +0000] "GET /users/login HTTP/1.1" 304 - "http://localhost:3000/users/login" "Mozilla/5.0 (iPhone; CPU iPhone OS 9_1 like Mac OS X) AppleWebKit/601.1.46 (KHTML, like Gecko) Version/9.0 Mobile/13B143 Safari/601.1"
::1 - - [25/Sep/2017:12:06:15 +0000] "POST /users/dologin HTTP/1.1" 302 68 "http://localhost:3000/users/login" "Mozilla/5.0 (iPhone; CPU iPhone OS 9_1 like Mac OS X) AppleWebKit/601.1.46 (KHTML, like Gecko) Version/9.0 Mobile/13B143 Safari/601.1"
::1 - - [25/Sep/2017:12:06:15 +0000] "POST /users/dologin HTTP/1.1" 302 68 "http://localhost:3000/users/login" "Mozilla/5.0 (iPhone; CPU iPhone OS 9_1 like Mac OS X) AppleWebKit/601.1.46 (KHTML, like Gecko) Version/9.0 Mobile/13B143 Safari/601.1"
::1 - - [25/Sep/2017:12:06:15 +0000] "GET /users/login HTTP/1.1" 304 - "http://localhost:3000/users/login" "Mozilla/5.0 (iPhone; CPU iPhone OS 9_1 like Mac OS X) AppleWebKit/601.1.46 (KHTML, like Gecko) Version/9.0 Mobile/13B143 Safari/601.1"
::1 - - [25/Sep/2017:12:06:16 +0000] "GET /users/register HTTP/1.1" 304 - "http://localhost:3000/users/login" "Mozilla/5.0 (iPhone; CPU iPhone OS 9_1 like Mac OS X) AppleWebKit/601.1.46 (KHTML, like Gecko) Version/9.0 Mobile/13B143 Safari/601.1"
::1 - - [25/Sep/2017:12:06:16 +0000] "GET /captcha HTTP/1.1" 200 2878 "http://localhost:3000/users/register" "Mozilla/5.0 (iPhone; CPU iPhone OS 9_1 like Mac OS X) AppleWebKit/601.1.46 (KHTML, like Gecko) Version/9.0 Mobile/13B143 Safari/601.1"
::1 - - [25/Sep/2017:12:09:51 +0000] "GET /users/register HTTP/1.1" 200 5009 "http://localhost:3000/users/login" "Mozilla/5.0 (iPhone; CPU iPhone OS 9_1 like Mac OS X) AppleWebKit/601.1.46 (KHTML, like Gecko) Version/9.0 Mobile/13B143 Safari/601.1"
::1 - - [25/Sep/2017:12:09:51 +0000] "GET /captcha HTTP/1.1" 200 2878 "http://localhost:3000/users/register" "Mozilla/5.0 (iPhone; CPU iPhone OS 9_1 like Mac OS X) AppleWebKit/601.1.46 (KHTML, like Gecko) Version/9.0 Mobile/13B143 Safari/601.1"
::1 - - [25/Sep/2017:12:10:03 +0000] "GET /users/register HTTP/1.1" 200 4990 "http://localhost:3000/users/login" "Mozilla/5.0 (iPhone; CPU iPhone OS 9_1 like Mac OS X) AppleWebKit/601.1.46 (KHTML, like Gecko) Version/9.0 Mobile/13B143 Safari/601.1"
::1 - - [25/Sep/2017:12:10:03 +0000] "GET /captcha HTTP/1.1" 200 2878 "http://localhost:3000/users/register" "Mozilla/5.0 (iPhone; CPU iPhone OS 9_1 like Mac OS X) AppleWebKit/601.1.46 (KHTML, like Gecko) Version/9.0 Mobile/13B143 Safari/601.1"
::1 - - [25/Sep/2017:12:10:23 +0000] "POST /users/doregister HTTP/1.1" 302 70 "http://localhost:3000/users/register" "Mozilla/5.0 (iPhone; CPU iPhone OS 9_1 like Mac OS X) AppleWebKit/601.1.46 (KHTML, like Gecko) Version/9.0 Mobile/13B143 Safari/601.1"
::1 - - [25/Sep/2017:12:10:24 +0000] "GET /users/center HTTP/1.1" 200 3923 "http://localhost:3000/users/register" "Mozilla/5.0 (iPhone; CPU iPhone OS 9_1 like Mac OS X) AppleWebKit/601.1.46 (KHTML, like Gecko) Version/9.0 Mobile/13B143 Safari/601.1"
::1 - - [25/Sep/2017:12:11:34 +0000] "GET /users/register HTTP/1.1" 304 - "http://localhost:3000/users/login" "Mozilla/5.0 (iPhone; CPU iPhone OS 9_1 like Mac OS X) AppleWebKit/601.1.46 (KHTML, like Gecko) Version/9.0 Mobile/13B143 Safari/601.1"
::1 - - [25/Sep/2017:12:11:35 +0000] "GET /captcha HTTP/1.1" 200 2878 "http://localhost:3000/users/register" "Mozilla/5.0 (iPhone; CPU iPhone OS 9_1 like Mac OS X) AppleWebKit/601.1.46 (KHTML, like Gecko) Version/9.0 Mobile/13B143 Safari/601.1"
::1 - - [25/Sep/2017:12:15:55 +0000] "GET /favicon.ico HTTP/1.1" 404 137 "http://localhost:3000/users/register" "Mozilla/5.0 (iPhone; CPU iPhone OS 9_1 like Mac OS X) AppleWebKit/601.1.46 (KHTML, like Gecko) Version/9.0 Mobile/13B143 Safari/601.1"
::1 - - [25/Sep/2017:12:16:06 +0000] "POST /users/doregister HTTP/1.1" 302 70 "http://localhost:3000/users/register" "Mozilla/5.0 (iPhone; CPU iPhone OS 9_1 like Mac OS X) AppleWebKit/601.1.46 (KHTML, like Gecko) Version/9.0 Mobile/13B143 Safari/601.1"
::1 - - [25/Sep/2017:12:16:06 +0000] "GET /users/center HTTP/1.1" 304 - "http://localhost:3000/users/register" "Mozilla/5.0 (iPhone; CPU iPhone OS 9_1 like Mac OS X) AppleWebKit/601.1.46 (KHTML, like Gecko) Version/9.0 Mobile/13B143 Safari/601.1"
::1 - - [25/Sep/2017:12:20:41 +0000] "POST /users/doregister HTTP/1.1" 500 137 "http://localhost:3000/users/register" "Mozilla/5.0 (iPhone; CPU iPhone OS 9_1 like Mac OS X) AppleWebKit/601.1.46 (KHTML, like Gecko) Version/9.0 Mobile/13B143 Safari/601.1"
::1 - - [25/Sep/2017:12:20:42 +0000] "GET /favicon.ico HTTP/1.1" 404 137 "http://localhost:3000/users/doregister" "Mozilla/5.0 (iPhone; CPU iPhone OS 9_1 like Mac OS X) AppleWebKit/601.1.46 (KHTML, like Gecko) Version/9.0 Mobile/13B143 Safari/601.1"
::1 - - [25/Sep/2017:12:24:22 +0000] "POST /users/doregister HTTP/1.1" 500 137 "http://localhost:3000/users/register" "Mozilla/5.0 (iPhone; CPU iPhone OS 9_1 like Mac OS X) AppleWebKit/601.1.46 (KHTML, like Gecko) Version/9.0 Mobile/13B143 Safari/601.1"
::1 - - [25/Sep/2017:12:25:35 +0000] "POST /users/doregister HTTP/1.1" 302 70 "http://localhost:3000/users/register" "Mozilla/5.0 (iPhone; CPU iPhone OS 9_1 like Mac OS X) AppleWebKit/601.1.46 (KHTML, like Gecko) Version/9.0 Mobile/13B143 Safari/601.1"
::1 - - [25/Sep/2017:12:25:35 +0000] "GET /users/center HTTP/1.1" 304 - "http://localhost:3000/users/register" "Mozilla/5.0 (iPhone; CPU iPhone OS 9_1 like Mac OS X) AppleWebKit/601.1.46 (KHTML, like Gecko) Version/9.0 Mobile/13B143 Safari/601.1"
::ffff:127.0.0.1 - - [25/Sep/2017:12:27:29 +0000] "GET /users/login HTTP/1.1" 200 2273 "-" "Mozilla/5.0 (iPhone; CPU iPhone OS 9_1 like Mac OS X) AppleWebKit/601.1.46 (KHTML, like Gecko) Version/9.0 Mobile/13B143 Safari/601.1"
::1 - - [25/Sep/2017:12:27:32 +0000] "POST /users/dologin HTTP/1.1" 302 68 "http://localhost:3000/users/login" "Mozilla/5.0 (iPhone; CPU iPhone OS 9_1 like Mac OS X) AppleWebKit/601.1.46 (KHTML, like Gecko) Version/9.0 Mobile/13B143 Safari/601.1"
::1 - - [25/Sep/2017:12:27:32 +0000] "GET /users/login HTTP/1.1" 304 - "http://localhost:3000/users/login" "Mozilla/5.0 (iPhone; CPU iPhone OS 9_1 like Mac OS X) AppleWebKit/601.1.46 (KHTML, like Gecko) Version/9.0 Mobile/13B143 Safari/601.1"
::1 - - [25/Sep/2017:12:27:35 +0000] "POST /users/dologin HTTP/1.1" 302 68 "http://localhost:3000/users/login" "Mozilla/5.0 (iPhone; CPU iPhone OS 9_1 like Mac OS X) AppleWebKit/601.1.46 (KHTML, like Gecko) Version/9.0 Mobile/13B143 Safari/601.1"
::1 - - [25/Sep/2017:12:27:35 +0000] "GET /users/login HTTP/1.1" 304 - "http://localhost:3000/users/login" "Mozilla/5.0 (iPhone; CPU iPhone OS 9_1 like Mac OS X) AppleWebKit/601.1.46 (KHTML, like Gecko) Version/9.0 Mobile/13B143 Safari/601.1"
::1 - - [25/Sep/2017:12:27:48 +0000] "POST /users/dologin HTTP/1.1" 302 70 "http://localhost:3000/users/login" "Mozilla/5.0 (iPhone; CPU iPhone OS 9_1 like Mac OS X) AppleWebKit/601.1.46 (KHTML, like Gecko) Version/9.0 Mobile/13B143 Safari/601.1"
::1 - - [25/Sep/2017:12:27:48 +0000] "GET /users/center HTTP/1.1" 304 - "http://localhost:3000/users/login" "Mozilla/5.0 (iPhone; CPU iPhone OS 9_1 like Mac OS X) AppleWebKit/601.1.46 (KHTML, like Gecko) Version/9.0 Mobile/13B143 Safari/601.1"
::1 - - [25/Sep/2017:12:27:56 +0000] "POST /users/dologin HTTP/1.1" 302 68 "http://localhost:3000/users/login" "Mozilla/5.0 (iPhone; CPU iPhone OS 9_1 like Mac OS X) AppleWebKit/601.1.46 (KHTML, like Gecko) Version/9.0 Mobile/13B143 Safari/601.1"
::1 - - [25/Sep/2017:12:27:56 +0000] "GET /users/login HTTP/1.1" 304 - "http://localhost:3000/users/login" "Mozilla/5.0 (iPhone; CPU iPhone OS 9_1 like Mac OS X) AppleWebKit/601.1.46 (KHTML, like Gecko) Version/9.0 Mobile/13B143 Safari/601.1"
::1 - - [25/Sep/2017:12:27:57 +0000] "POST /users/dologin HTTP/1.1" 302 68 "http://localhost:3000/users/login" "Mozilla/5.0 (iPhone; CPU iPhone OS 9_1 like Mac OS X) AppleWebKit/601.1.46 (KHTML, like Gecko) Version/9.0 Mobile/13B143 Safari/601.1"
::1 - - [25/Sep/2017:12:27:57 +0000] "GET /users/login HTTP/1.1" 304 - "http://localhost:3000/users/login" "Mozilla/5.0 (iPhone; CPU iPhone OS 9_1 like Mac OS X) AppleWebKit/601.1.46 (KHTML, like Gecko) Version/9.0 Mobile/13B143 Safari/601.1"
::1 - - [25/Sep/2017:12:28:03 +0000] "POST /users/dologin HTTP/1.1" 302 68 "http://localhost:3000/users/login" "Mozilla/5.0 (iPhone; CPU iPhone OS 9_1 like Mac OS X) AppleWebKit/601.1.46 (KHTML, like Gecko) Version/9.0 Mobile/13B143 Safari/601.1"
::1 - - [25/Sep/2017:12:28:03 +0000] "GET /users/login HTTP/1.1" 304 - "http://localhost:3000/users/login" "Mozilla/5.0 (iPhone; CPU iPhone OS 9_1 like Mac OS X) AppleWebKit/601.1.46 (KHTML, like Gecko) Version/9.0 Mobile/13B143 Safari/601.1"
::ffff:127.0.0.1 - - [25/Sep/2017:12:28:07 +0000] "POST /users/dologin HTTP/1.1" 302 70 "http://localhost:3000/users/login" "Mozilla/5.0 (iPhone; CPU iPhone OS 9_1 like Mac OS X) AppleWebKit/601.1.46 (KHTML, like Gecko) Version/9.0 Mobile/13B143 Safari/601.1"
::ffff:127.0.0.1 - - [25/Sep/2017:12:28:07 +0000] "GET /users/center HTTP/1.1" 304 - "http://localhost:3000/users/login" "Mozilla/5.0 (iPhone; CPU iPhone OS 9_1 like Mac OS X) AppleWebKit/601.1.46 (KHTML, like Gecko) Version/9.0 Mobile/13B143 Safari/601.1"
::1 - - [25/Sep/2017:12:29:42 +0000] "GET /users/login HTTP/1.1" 304 - "http://localhost:3000/users/login" "Mozilla/5.0 (iPhone; CPU iPhone OS 9_1 like Mac OS X) AppleWebKit/601.1.46 (KHTML, like Gecko) Version/9.0 Mobile/13B143 Safari/601.1"
::1 - - [25/Sep/2017:12:29:46 +0000] "GET /users/center HTTP/1.1" 304 - "-" "Mozilla/5.0 (iPhone; CPU iPhone OS 9_1 like Mac OS X) AppleWebKit/601.1.46 (KHTML, like Gecko) Version/9.0 Mobile/13B143 Safari/601.1"
::1 - - [25/Sep/2017:12:29:49 +0000] "GET /users/center HTTP/1.1" 304 - "-" "Mozilla/5.0 (iPhone; CPU iPhone OS 9_1 like Mac OS X) AppleWebKit/601.1.46 (KHTML, like Gecko) Version/9.0 Mobile/13B143 Safari/601.1"
::1 - - [25/Sep/2017:12:29:51 +0000] "GET /users/center HTTP/1.1" 200 3923 "-" "Mozilla/5.0 (iPhone; CPU iPhone OS 9_1 like Mac OS X) AppleWebKit/601.1.46 (KHTML, like Gecko) Version/9.0 Mobile/13B143 Safari/601.1"
::1 - - [25/Sep/2017:12:29:52 +0000] "GET /users/center HTTP/1.1" 200 3923 "-" "Mozilla/5.0 (iPhone; CPU iPhone OS 9_1 like Mac OS X) AppleWebKit/601.1.46 (KHTML, like Gecko) Version/9.0 Mobile/13B143 Safari/601.1"
::1 - - [25/Sep/2017:12:29:59 +0000] "GET /users/center HTTP/1.1" 304 - "-" "Mozilla/5.0 (Windows NT 10.0; WOW64) AppleWebKit/537.36 (KHTML, like Gecko) Chrome/61.0.3163.79 Safari/537.36"
::1 - - [25/Sep/2017:12:30:23 +0000] "GET /users/center HTTP/1.1" 302 68 "-" "Mozilla/5.0 (Windows NT 10.0; WOW64; rv:54.0) Gecko/20100101 Firefox/54.0"
::1 - - [25/Sep/2017:12:30:23 +0000] "GET /users/login HTTP/1.1" 200 2273 "-" "Mozilla/5.0 (Windows NT 10.0; WOW64; rv:54.0) Gecko/20100101 Firefox/54.0"
::1 - - [25/Sep/2017:12:30:24 +0000] "GET /favicon.ico HTTP/1.1" 404 137 "-" "Mozilla/5.0 (Windows NT 10.0; WOW64; rv:54.0) Gecko/20100101 Firefox/54.0"
::1 - - [25/Sep/2017:12:30:24 +0000] "GET /favicon.ico HTTP/1.1" 404 137 "-" "Mozilla/5.0 (Windows NT 10.0; WOW64; rv:54.0) Gecko/20100101 Firefox/54.0"
::1 - - [25/Sep/2017:12:30:34 +0000] "GET /users/center HTTP/1.1" 302 68 "-" "Mozilla/5.0 (Windows NT 10.0; WOW64; rv:54.0) Gecko/20100101 Firefox/54.0"
::1 - - [25/Sep/2017:12:30:34 +0000] "GET /users/login HTTP/1.1" 304 - "-" "Mozilla/5.0 (Windows NT 10.0; WOW64; rv:54.0) Gecko/20100101 Firefox/54.0"
::1 - - [25/Sep/2017:12:39:23 +0000] "GET /users/center HTTP/1.1" 302 68 "-" "Mozilla/5.0 (iPhone; CPU iPhone OS 9_1 like Mac OS X) AppleWebKit/601.1.46 (KHTML, like Gecko) Version/9.0 Mobile/13B143 Safari/601.1"
::1 - - [25/Sep/2017:12:39:23 +0000] "GET /users/login HTTP/1.1" 304 - "-" "Mozilla/5.0 (iPhone; CPU iPhone OS 9_1 like Mac OS X) AppleWebKit/601.1.46 (KHTML, like Gecko) Version/9.0 Mobile/13B143 Safari/601.1"
::1 - - [25/Sep/2017:12:39:32 +0000] "POST /users/dologin HTTP/1.1" 302 70 "http://localhost:3000/users/login" "Mozilla/5.0 (iPhone; CPU iPhone OS 9_1 like Mac OS X) AppleWebKit/601.1.46 (KHTML, like Gecko) Version/9.0 Mobile/13B143 Safari/601.1"
::1 - - [25/Sep/2017:12:39:32 +0000] "GET /users/center HTTP/1.1" 200 3924 "http://localhost:3000/users/login" "Mozilla/5.0 (iPhone; CPU iPhone OS 9_1 like Mac OS X) AppleWebKit/601.1.46 (KHTML, like Gecko) Version/9.0 Mobile/13B143 Safari/601.1"
::1 - - [25/Sep/2017:12:39:34 +0000] "GET /users/logout HTTP/1.1" 500 137 "http://localhost:3000/users/center" "Mozilla/5.0 (iPhone; CPU iPhone OS 9_1 like Mac OS X) AppleWebKit/601.1.46 (KHTML, like Gecko) Version/9.0 Mobile/13B143 Safari/601.1"
::1 - - [25/Sep/2017:12:40:16 +0000] "GET /users/logout HTTP/1.1" 302 68 "http://localhost:3000/users/center" "Mozilla/5.0 (iPhone; CPU iPhone OS 9_1 like Mac OS X) AppleWebKit/601.1.46 (KHTML, like Gecko) Version/9.0 Mobile/13B143 Safari/601.1"
::1 - - [25/Sep/2017:12:40:16 +0000] "GET /users/login HTTP/1.1" 304 - "http://localhost:3000/users/center" "Mozilla/5.0 (iPhone; CPU iPhone OS 9_1 like Mac OS X) AppleWebKit/601.1.46 (KHTML, like Gecko) Version/9.0 Mobile/13B143 Safari/601.1"
::1 - - [25/Sep/2017:12:40:25 +0000] "POST /users/dologin HTTP/1.1" 302 70 "http://localhost:3000/users/login" "Mozilla/5.0 (iPhone; CPU iPhone OS 9_1 like Mac OS X) AppleWebKit/601.1.46 (KHTML, like Gecko) Version/9.0 Mobile/13B143 Safari/601.1"
::1 - - [25/Sep/2017:12:40:25 +0000] "GET /users/center HTTP/1.1" 304 - "http://localhost:3000/users/login" "Mozilla/5.0 (iPhone; CPU iPhone OS 9_1 like Mac OS X) AppleWebKit/601.1.46 (KHTML, like Gecko) Version/9.0 Mobile/13B143 Safari/601.1"
::1 - - [25/Sep/2017:12:40:25 +0000] "GET /users/logout HTTP/1.1" 500 137 "http://localhost:3000/users/center" "Mozilla/5.0 (iPhone; CPU iPhone OS 9_1 like Mac OS X) AppleWebKit/601.1.46 (KHTML, like Gecko) Version/9.0 Mobile/13B143 Safari/601.1"
::1 - - [25/Sep/2017:12:40:49 +0000] "GET /users/logout HTTP/1.1" 302 68 "http://localhost:3000/users/center" "Mozilla/5.0 (iPhone; CPU iPhone OS 9_1 like Mac OS X) AppleWebKit/601.1.46 (KHTML, like Gecko) Version/9.0 Mobile/13B143 Safari/601.1"
::1 - - [25/Sep/2017:12:40:49 +0000] "GET /users/login HTTP/1.1" 304 - "http://localhost:3000/users/center" "Mozilla/5.0 (iPhone; CPU iPhone OS 9_1 like Mac OS X) AppleWebKit/601.1.46 (KHTML, like Gecko) Version/9.0 Mobile/13B143 Safari/601.1"
::1 - - [25/Sep/2017:12:40:58 +0000] "POST /users/dologin HTTP/1.1" 302 70 "http://localhost:3000/users/login" "Mozilla/5.0 (iPhone; CPU iPhone OS 9_1 like Mac OS X) AppleWebKit/601.1.46 (KHTML, like Gecko) Version/9.0 Mobile/13B143 Safari/601.1"
::1 - - [25/Sep/2017:12:40:58 +0000] "GET /users/center HTTP/1.1" 304 - "http://localhost:3000/users/login" "Mozilla/5.0 (iPhone; CPU iPhone OS 9_1 like Mac OS X) AppleWebKit/601.1.46 (KHTML, like Gecko) Version/9.0 Mobile/13B143 Safari/601.1"
::1 - - [25/Sep/2017:12:40:59 +0000] "GET /users/logout HTTP/1.1" 500 137 "http://localhost:3000/users/center" "Mozilla/5.0 (iPhone; CPU iPhone OS 9_1 like Mac OS X) AppleWebKit/601.1.46 (KHTML, like Gecko) Version/9.0 Mobile/13B143 Safari/601.1"
::1 - - [25/Sep/2017:12:42:04 +0000] "GET /users/center HTTP/1.1" 302 68 "-" "Mozilla/5.0 (iPhone; CPU iPhone OS 9_1 like Mac OS X) AppleWebKit/601.1.46 (KHTML, like Gecko) Version/9.0 Mobile/13B143 Safari/601.1"
::1 - - [25/Sep/2017:12:42:04 +0000] "GET /users/login HTTP/1.1" 304 - "-" "Mozilla/5.0 (iPhone; CPU iPhone OS 9_1 like Mac OS X) AppleWebKit/601.1.46 (KHTML, like Gecko) Version/9.0 Mobile/13B143 Safari/601.1"
::1 - - [25/Sep/2017:12:42:10 +0000] "POST /users/dologin HTTP/1.1" 302 70 "http://localhost:3000/users/login" "Mozilla/5.0 (iPhone; CPU iPhone OS 9_1 like Mac OS X) AppleWebKit/601.1.46 (KHTML, like Gecko) Version/9.0 Mobile/13B143 Safari/601.1"
::1 - - [25/Sep/2017:12:42:10 +0000] "GET /users/center HTTP/1.1" 200 3924 "http://localhost:3000/users/login" "Mozilla/5.0 (iPhone; CPU iPhone OS 9_1 like Mac OS X) AppleWebKit/601.1.46 (KHTML, like Gecko) Version/9.0 Mobile/13B143 Safari/601.1"
::1 - - [25/Sep/2017:12:42:11 +0000] "GET /users/logout HTTP/1.1" 302 68 "http://localhost:3000/users/center" "Mozilla/5.0 (iPhone; CPU iPhone OS 9_1 like Mac OS X) AppleWebKit/601.1.46 (KHTML, like Gecko) Version/9.0 Mobile/13B143 Safari/601.1"
::1 - - [25/Sep/2017:12:42:11 +0000] "GET /users/login HTTP/1.1" 304 - "http://localhost:3000/users/center" "Mozilla/5.0 (iPhone; CPU iPhone OS 9_1 like Mac OS X) AppleWebKit/601.1.46 (KHTML, like Gecko) Version/9.0 Mobile/13B143 Safari/601.1"
::1 - - [25/Sep/2017:12:42:17 +0000] "POST /users/dologin HTTP/1.1" 302 70 "http://localhost:3000/users/login" "Mozilla/5.0 (iPhone; CPU iPhone OS 9_1 like Mac OS X) AppleWebKit/601.1.46 (KHTML, like Gecko) Version/9.0 Mobile/13B143 Safari/601.1"
::1 - - [25/Sep/2017:12:42:17 +0000] "GET /users/center HTTP/1.1" 304 - "http://localhost:3000/users/login" "Mozilla/5.0 (iPhone; CPU iPhone OS 9_1 like Mac OS X) AppleWebKit/601.1.46 (KHTML, like Gecko) Version/9.0 Mobile/13B143 Safari/601.1"
::1 - - [25/Sep/2017:12:42:19 +0000] "GET /users/logout HTTP/1.1" 302 68 "http://localhost:3000/users/center" "Mozilla/5.0 (iPhone; CPU iPhone OS 9_1 like Mac OS X) AppleWebKit/601.1.46 (KHTML, like Gecko) Version/9.0 Mobile/13B143 Safari/601.1"
::1 - - [25/Sep/2017:12:42:19 +0000] "GET /users/login HTTP/1.1" 304 - "http://localhost:3000/users/center" "Mozilla/5.0 (iPhone; CPU iPhone OS 9_1 like Mac OS X) AppleWebKit/601.1.46 (KHTML, like Gecko) Version/9.0 Mobile/13B143 Safari/601.1"
::1 - - [25/Sep/2017:12:43:00 +0000] "GET /users/register HTTP/1.1" 304 - "http://localhost:3000/users/login" "Mozilla/5.0 (iPhone; CPU iPhone OS 9_1 like Mac OS X) AppleWebKit/601.1.46 (KHTML, like Gecko) Version/9.0 Mobile/13B143 Safari/601.1"
::1 - - [25/Sep/2017:12:43:00 +0000] "GET /captcha HTTP/1.1" 200 2878 "http://localhost:3000/users/register" "Mozilla/5.0 (iPhone; CPU iPhone OS 9_1 like Mac OS X) AppleWebKit/601.1.46 (KHTML, like Gecko) Version/9.0 Mobile/13B143 Safari/601.1"
::1 - - [25/Sep/2017:12:43:39 +0000] "GET /users/logout HTTP/1.1" 302 68 "http://localhost:3000/users/center" "Mozilla/5.0 (iPhone; CPU iPhone OS 9_1 like Mac OS X) AppleWebKit/601.1.46 (KHTML, like Gecko) Version/9.0 Mobile/13B143 Safari/601.1"
::1 - - [25/Sep/2017:12:43:39 +0000] "GET /users/login HTTP/1.1" 200 2273 "http://localhost:3000/users/center" "Mozilla/5.0 (iPhone; CPU iPhone OS 9_1 like Mac OS X) AppleWebKit/601.1.46 (KHTML, like Gecko) Version/9.0 Mobile/13B143 Safari/601.1"
::1 - - [25/Sep/2017:12:43:39 +0000] "GET /users/login HTTP/1.1" 200 2273 "http://localhost:3000/users/center" "Mozilla/5.0 (iPhone; CPU iPhone OS 9_1 like Mac OS X) AppleWebKit/601.1.46 (KHTML, like Gecko) Version/9.0 Mobile/13B143 Safari/601.1"
::1 - - [25/Sep/2017:12:43:40 +0000] "GET /favicon.ico HTTP/1.1" 404 137 "http://localhost:3000/users/login" "Mozilla/5.0 (iPhone; CPU iPhone OS 9_1 like Mac OS X) AppleWebKit/601.1.46 (KHTML, like Gecko) Version/9.0 Mobile/13B143 Safari/601.1"
::1 - - [25/Sep/2017:12:43:40 +0000] "GET /favicon.ico HTTP/1.1" 404 137 "http://localhost:3000/users/login" "Mozilla/5.0 (iPhone; CPU iPhone OS 9_1 like Mac OS X) AppleWebKit/601.1.46 (KHTML, like Gecko) Version/9.0 Mobile/13B143 Safari/601.1"
