0 info it worked if it ends with ok
1 verbose cli [ 'C:\\WINSOFT\\nodejs\\node.exe',
1 verbose cli   'C:\\WINSOFT\\nodejs\\node_modules\\npm\\bin\\npm-cli.js',
1 verbose cli   'run',
1 verbose cli   'start' ]
2 info using npm@3.10.8
3 info using node@v6.9.1
4 verbose run-script [ 'prestart', 'start', 'poststart' ]
5 info lifecycle shop@0.0.0~prestart: shop@0.0.0
6 silly lifecycle shop@0.0.0~prestart: no script for prestart, continuing
7 info lifecycle shop@0.0.0~start: shop@0.0.0
8 verbose lifecycle shop@0.0.0~start: unsafe-perm in lifecycle true
9 verbose lifecycle shop@0.0.0~start: PATH: C:\WINSOFT\nodejs\node_modules\npm\bin\node-gyp-bin;C:\workspace\Web\shop\node_modules\.bin;C:\ProgramData\Oracle\Java\javapath;C:\Program Files (x86)\Java\jdk1.8.0_73\bin;C:\WINDOWS\system32;C:\WINDOWS;C:\WINDOWS\System32\Wbem;C:\WINDOWS\System32\WindowsPowerShell\v1.0\;C:\WINSOFT\CRTFX\;C:\WINSOFT\nodejs\;c:\Program Files (x86)\Microsoft SQL Server\100\Tools\Binn\;c:\Program Files\Microsoft SQL Server\100\Tools\Binn\;c:\Program Files\Microsoft SQL Server\100\DTS\Binn\;c:\Program Files (x86)\Microsoft SQL Server\100\Tools\Binn\VSShell\Common7\IDE\;c:\Program Files (x86)\Microsoft SQL Server\100\DTS\Binn\;C:\WINSOFT\SVN\bin;C:\Program Files\Git\cmd;C:\workspace\PHPStudy7\php\php-7.0.12-nts\;C:\workspace\database\mongodb3.4.7\bin;C:\workspace\Python36\Scripts\;C:\workspace\Python36\;C:\Users\maomao\AppData\Roaming\npm;C:\Users\maomao\AppData\Local\atom\bin
10 verbose lifecycle shop@0.0.0~start: CWD: C:\workspace\Web\shop
11 silly lifecycle shop@0.0.0~start: Args: [ '/d /s /c', 'node ./bin/www' ]
12 verbose stack Error: kill ENOSYS
12 verbose stack     at exports._errnoException (util.js:1026:11)
12 verbose stack     at process.kill (internal/process.js:172:13)
12 verbose stack     at process.listener (C:\WINSOFT\nodejs\node_modules\npm\node_modules\npmlog\node_modules\gauge\node_modules\signal-exit\index.js:86:15)
12 verbose stack     at emitNone (events.js:91:20)
12 verbose stack     at process.emit (events.js:185:7)
12 verbose stack     at processEmit (C:\WINSOFT\nodejs\node_modules\npm\node_modules\npmlog\node_modules\gauge\node_modules\signal-exit\index.js:146:32)
12 verbose stack     at processEmit (C:\WINSOFT\nodejs\node_modules\npm\node_modules\npm-registry-client\node_modules\npmlog\node_modules\gauge\node_modules\signal-exit\index.js:146:32)
12 verbose stack     at Signal.wrap.onsignal (internal/process.js:199:44)
13 verbose cwd C:\workspace\Web\shop
14 error Windows_NT 10.0.10586
15 error argv "C:\\WINSOFT\\nodejs\\node.exe" "C:\\WINSOFT\\nodejs\\node_modules\\npm\\bin\\npm-cli.js" "run" "start"
16 error node v6.9.1
17 error npm  v3.10.8
18 error code ENOSYS
19 error errno ENOSYS
20 error syscall kill
21 error kill ENOSYS
22 error If you need help, you may report this error at:
22 error     <https://github.com/npm/npm/issues>
23 verbose exit [ 1, true ]
